<?xml version="1.0" encoding="UTF-8"?>
<!-- Generated by org.testng.reporters.JUnitReportReporter -->
<testsuite hostname="LAPTOP-T9EFSAMR" failures="0" tests="2" name="A_T_S.TestMethod" time="21.597" errors="0" timestamp="2024-02-13T22:11:14 CST" skipped="0">
  <testcase classname="A_T_S.TestMethod" name="testAlertLoginPage" time="3.714"/>
  <testcase classname="A_T_S.TestMethod" name="LoginTest" time="17.883"/>
</testsuite> <!-- A_T_S.TestMethod -->
