<?xml version="1.0" encoding="UTF-8"?>
<!-- Generated by org.testng.reporters.JUnitReportReporter -->
<testsuite hostname="LAPTOP-T9EFSAMR" failures="0" tests="1" name="A_T_S.TestMethod" time="13.332" errors="0" timestamp="6 Dec 2023 04:27:08 GMT">
  <testcase classname="A_T_S.TestMethod" name="LoginTest" time="13.332"/>
</testsuite> <!-- A_T_S.TestMethod -->
